<?xml version="1.0" encoding="UTF-8"?>
<!-- Generated by org.testng.reporters.JUnitReportReporter -->
<testsuite hostname="DESKTOP-D0846S4" failures="0" tests="1" name="cucumber.TestNGTestRunner" time="7.111" errors="0" timestamp="22 Oct 2024 04:07:36 GMT" skipped="0">
  <testcase classname="cucumber.TestNGTestRunner" name="runScenario" time="7.111"/>
</testsuite> <!-- cucumber.TestNGTestRunner -->
