<?xml version="1.0" encoding="UTF-8"?>
<!-- Generated by org.testng.reporters.JUnitReportReporter -->
<testsuite hostname="DESKTOP-D0846S4" failures="0" tests="3" name="rahulshettyacademy.tests.SubmitOrderTest" time="18.240" errors="0" timestamp="21 Oct 2024 10:25:22 GMT" skipped="0">
  <testcase classname="rahulshettyacademy.tests.SubmitOrderTest" name="submitOrder" time="8.165"/>
  <testcase classname="rahulshettyacademy.tests.SubmitOrderTest" name="OrderHistoryTest" time="2.482"/>
  <testcase classname="rahulshettyacademy.tests.SubmitOrderTest" name="submitOrder" time="7.593"/>
</testsuite> <!-- rahulshettyacademy.tests.SubmitOrderTest -->
