<?xml version="1.0" encoding="UTF-8"?>
<!-- Generated by org.testng.reporters.JUnitReportReporter -->
<testsuite skipped="0" hostname="DESKTOP-D0846S4" name="cucumber.TestNGTestRunner" tests="1" failures="0" timestamp="22 Oct 2024 04:23:16 GMT" time="6.333" errors="0">
  <testcase name="runScenario" time="6.333" classname="cucumber.TestNGTestRunner"/>
</testsuite> <!-- cucumber.TestNGTestRunner -->
