<?xml version="1.0" encoding="UTF-8"?>
<!-- Generated by org.testng.reporters.JUnitReportReporter -->
<testsuite skipped="0" hostname="DESKTOP-D0846S4" name="rahulshettyacademy.tests.ErrorValidationsTest" tests="2" failures="0" timestamp="22 Oct 2024 04:23:16 GMT" time="8.798" errors="0">
  <testcase name="loginErrorValidation" time="3.779" classname="rahulshettyacademy.tests.ErrorValidationsTest"/>
  <testcase name="productErrorValidation" time="5.019" classname="rahulshettyacademy.tests.ErrorValidationsTest"/>
</testsuite> <!-- rahulshettyacademy.tests.ErrorValidationsTest -->
