<?xml version="1.0" encoding="UTF-8"?>
<!-- Generated by org.testng.reporters.JUnitReportReporter -->
<testsuite skipped="0" hostname="DESKTOP-D0846S4" name="rahulshettyacademy.tests.SubmitOrderTest" tests="3" failures="0" timestamp="22 Oct 2024 04:23:16 GMT" time="18.479" errors="0">
  <testcase name="submitOrder" time="8.899" classname="rahulshettyacademy.tests.SubmitOrderTest"/>
  <testcase name="OrderHistoryTest" time="3.467" classname="rahulshettyacademy.tests.SubmitOrderTest"/>
  <testcase name="submitOrder" time="6.113" classname="rahulshettyacademy.tests.SubmitOrderTest"/>
</testsuite> <!-- rahulshettyacademy.tests.SubmitOrderTest -->
